<component name="libraryTable">
  <library name="junit-4.12">
    <CLASSES>
      <root url="jar://$PROJECT_DIR$/../../Learning.JSE.JEE.16/Soft/Java Lib/junit/junit-4.12.jar!/" />
      <root url="jar://$PROJECT_DIR$/../../Learning.JSE.JEE.16/Soft/Java Lib/junit/hamcrest-core-1.3.jar!/" />
    </CLASSES>
    <JAVADOC />
    <SOURCES />
  </library>
</component>